# JRE version: OpenJDK Runtime Environment (8.0_152-b02) (build 1.8.0_152-release-1024-b02)
# Java VM: OpenJDK 64-Bit Server VM (25.152-b02 mixed mode windows-amd64 compressed oops)
Heap:
 PSYoungGen      total 391168K, used 78784K [0x00000000e0000000, 0x00000000f9e80000, 0x0000000100000000)
  eden space 365056K, 19% used [0x00000000e0000000,0x00000000e4521af8,0x00000000f6480000)
  from space 26112K, 30% used [0x00000000f8500000,0x00000000f8cce7a0,0x00000000f9e80000)
  to   space 29696K, 0% used [0x00000000f6480000,0x00000000f6480000,0x00000000f8180000)
 ParOldGen       total 250880K, used 74155K [0x00000000a0000000, 0x00000000af500000, 0x00000000e0000000)
  object space 250880K, 29% used [0x00000000a0000000,0x00000000a486acc8,0x00000000af500000)
 Metaspace       used 94196K, capacity 100476K, committed 100736K, reserved 1136640K
  class space    used 11856K, capacity 13035K, committed 13184K, reserved 1048576K
GC Heap History (10 events):
Event: 3147.884 GC heap before
{Heap before GC invocations=48 (full 4):
 PSYoungGen      total 348672K, used 348150K [0x00000000e0000000, 0x00000000f8e00000, 0x0000000100000000)
  eden space 337920K, 99% used [0x00000000e0000000,0x00000000f49ead88,0x00000000f4a00000)
  from space 10752K, 95% used [0x00000000f4c80000,0x00000000f5692cc0,0x00000000f5700000)
  to   space 34816K, 0% used [0x00000000f6c00000,0x00000000f6c00000,0x00000000f8e00000)
 ParOldGen       total 250880K, used 74115K [0x00000000a0000000, 0x00000000af500000, 0x00000000e0000000)
  object space 250880K, 29% used [0x00000000a0000000,0x00000000a4860cc8,0x00000000af500000)
 Metaspace       used 93586K, capacity 99660K, committed 99968K, reserved 1136640K
  class space    used 11822K, capacity 12975K, committed 13184K, reserved 1048576K
Event: 3147.900 GC heap after
Heap after GC invocations=48 (full 4):
 PSYoungGen      total 374272K, used 14391K [0x00000000e0000000, 0x00000000f9f80000, 0x0000000100000000)
  eden space 339456K, 0% used [0x00000000e0000000,0x00000000e0000000,0x00000000f4b80000)
  from space 34816K, 41% used [0x00000000f6c00000,0x00000000f7a0dd38,0x00000000f8e00000)
  to   space 33280K, 0% used [0x00000000f4b80000,0x00000000f4b80000,0x00000000f6c00000)
 ParOldGen       total 250880K, used 74123K [0x00000000a0000000, 0x00000000af500000, 0x00000000e0000000)
  object space 250880K, 29% used [0x00000000a0000000,0x00000000a4862cc8,0x00000000af500000)
 Metaspace       used 93586K, capacity 99660K, committed 99968K, reserved 1136640K
  class space    used 11822K, capacity 12975K, committed 13184K, reserved 1048576K
}
Event: 3432.239 GC heap before
{Heap before GC invocations=49 (full 4):
 PSYoungGen      total 374272K, used 353847K [0x00000000e0000000, 0x00000000f9f80000, 0x0000000100000000)
  eden space 339456K, 100% used [0x00000000e0000000,0x00000000f4b80000,0x00000000f4b80000)
  from space 34816K, 41% used [0x00000000f6c00000,0x00000000f7a0dd38,0x00000000f8e00000)
  to   space 33280K, 0% used [0x00000000f4b80000,0x00000000f4b80000,0x00000000f6c00000)
 ParOldGen       total 250880K, used 74123K [0x00000000a0000000, 0x00000000af500000, 0x00000000e0000000)
  object space 250880K, 29% used [0x00000000a0000000,0x00000000a4862cc8,0x00000000af500000)
 Metaspace       used 93807K, capacity 100058K, committed 100480K, reserved 1136640K
  class space    used 11841K, capacity 13008K, committed 13184K, reserved 1048576K
Event: 3432.249 GC heap after
Heap after GC invocations=49 (full 4):
 PSYoungGen      total 372736K, used 7672K [0x00000000e0000000, 0x00000000f9c80000, 0x0000000100000000)
  eden space 339456K, 0% used [0x00000000e0000000,0x00000000e0000000,0x00000000f4b80000)
  from space 33280K, 23% used [0x00000000f4b80000,0x00000000f52fe390,0x00000000f6c00000)
  to   space 32768K, 0% used [0x00000000f7c80000,0x00000000f7c80000,0x00000000f9c80000)
 ParOldGen       total 250880K, used 74131K [0x00000000a0000000, 0x00000000af500000, 0x00000000e0000000)
  object space 250880K, 29% used [0x00000000a0000000,0x00000000a4864cc8,0x00000000af500000)
 Metaspace       used 93807K, capacity 100058K, committed 100480K, reserved 1136640K
  class space    used 11841K, capacity 13008K, committed 13184K, reserved 1048576K
}
Event: 3823.922 GC heap before
{Heap before GC invocations=50 (full 4):
 PSYoungGen      total 372736K, used 347128K [0x00000000e0000000, 0x00000000f9c80000, 0x0000000100000000)
  eden space 339456K, 100% used [0x00000000e0000000,0x00000000f4b80000,0x00000000f4b80000)
  from space 33280K, 23% used [0x00000000f4b80000,0x00000000f52fe390,0x00000000f6c00000)
  to   space 32768K, 0% used [0x00000000f7c80000,0x00000000f7c80000,0x00000000f9c80000)
 ParOldGen       total 250880K, used 74131K [0x00000000a0000000, 0x00000000af500000, 0x00000000e0000000)
  object space 250880K, 29% used [0x00000000a0000000,0x00000000a4864cc8,0x00000000af500000)
 Metaspace       used 94043K, capacity 100300K, committed 100736K, reserved 1136640K
  class space    used 11851K, capacity 13027K, committed 13184K, reserved 1048576K
Event: 3823.933 GC heap after
Heap after GC invocations=50 (full 4):
 PSYoungGen      total 380416K, used 11321K [0x00000000e0000000, 0x00000000f9700000, 0x0000000100000000)
  eden space 353280K, 0% used [0x00000000e0000000,0x00000000e0000000,0x00000000f5900000)
  from space 27136K, 41% used [0x00000000f7c80000,0x00000000f878e7a0,0x00000000f9700000)
  to   space 31744K, 0% used [0x00000000f5900000,0x00000000f5900000,0x00000000f7800000)
 ParOldGen       total 250880K, used 74139K [0x00000000a0000000, 0x00000000af500000, 0x00000000e0000000)
  object space 250880K, 29% used [0x00000000a0000000,0x00000000a4866cc8,0x00000000af500000)
 Metaspace       used 94043K, capacity 100300K, committed 100736K, reserved 1136640K
  class space    used 11851K, capacity 13027K, committed 13184K, reserved 1048576K
}
Event: 3886.047 GC heap before
{Heap before GC invocations=51 (full 4):
 PSYoungGen      total 380416K, used 364384K [0x00000000e0000000, 0x00000000f9700000, 0x0000000100000000)
  eden space 353280K, 99% used [0x00000000e0000000,0x00000000f58c9bd8,0x00000000f5900000)
  from space 27136K, 41% used [0x00000000f7c80000,0x00000000f878e7a0,0x00000000f9700000)
  to   space 31744K, 0% used [0x00000000f5900000,0x00000000f5900000,0x00000000f7800000)
 ParOldGen       total 250880K, used 74139K [0x00000000a0000000, 0x00000000af500000, 0x00000000e0000000)
  object space 250880K, 29% used [0x00000000a0000000,0x00000000a4866cc8,0x00000000af500000)
 Metaspace       used 94093K, capacity 100364K, committed 100736K, reserved 1136640K
  class space    used 11851K, capacity 13027K, committed 13184K, reserved 1048576K
Event: 3886.180 GC heap after
Heap after GC invocations=51 (full 4):
 PSYoungGen      total 385024K, used 15908K [0x00000000e0000000, 0x00000000fa280000, 0x0000000100000000)
  eden space 353280K, 0% used [0x00000000e0000000,0x00000000e0000000,0x00000000f5900000)
  from space 31744K, 50% used [0x00000000f5900000,0x00000000f68893e8,0x00000000f7800000)
  to   space 30208K, 0% used [0x00000000f8500000,0x00000000f8500000,0x00000000fa280000)
 ParOldGen       total 250880K, used 74147K [0x00000000a0000000, 0x00000000af500000, 0x00000000e0000000)
  object space 250880K, 29% used [0x00000000a0000000,0x00000000a4868cc8,0x00000000af500000)
 Metaspace       used 94093K, capacity 100364K, committed 100736K, reserved 1136640K
  class space    used 11851K, capacity 13027K, committed 13184K, reserved 1048576K
}
Event: 3978.159 GC heap before
{Heap before GC invocations=52 (full 4):
 PSYoungGen      total 385024K, used 369188K [0x00000000e0000000, 0x00000000fa280000, 0x0000000100000000)
  eden space 353280K, 100% used [0x00000000e0000000,0x00000000f5900000,0x00000000f5900000)
  from space 31744K, 50% used [0x00000000f5900000,0x00000000f68893e8,0x00000000f7800000)
  to   space 30208K, 0% used [0x00000000f8500000,0x00000000f8500000,0x00000000fa280000)
 ParOldGen       total 250880K, used 74147K [0x00000000a0000000, 0x00000000af500000, 0x00000000e0000000)
  object space 250880K, 29% used [0x00000000a0000000,0x00000000a4868cc8,0x00000000af500000)
 Metaspace       used 94182K, capacity 100476K, committed 100736K, reserved 1136640K
  class space    used 11856K, capacity 13035K, committed 13184K, reserved 1048576K
Event: 3978.179 GC heap after
Heap after GC invocations=52 (full 4):
 PSYoungGen      total 391168K, used 7993K [0x00000000e0000000, 0x00000000f9e80000, 0x0000000100000000)
  eden space 365056K, 0% used [0x00000000e0000000,0x00000000e0000000,0x00000000f6480000)
  from space 26112K, 30% used [0x00000000f8500000,0x00000000f8cce7a0,0x00000000f9e80000)
  to   space 29696K, 0% used [0x00000000f6480000,0x00000000f6480000,0x00000000f8180000)
 ParOldGen       total 250880K, used 74155K [0x00000000a0000000, 0x00000000af500000, 0x00000000e0000000)
  object space 250880K, 29% used [0x00000000a0000000,0x00000000a486acc8,0x00000000af500000)
 Metaspace       used 94182K, capacity 100476K, committed 100736K, reserved 1136640K
  class space    used 11856K, capacity 13035K, committed 13184K, reserved 1048576K
}

